<?xml version="1.0" encoding="UTF-8"?>
<!-- Generated by org.testng.reporters.JUnitXMLReporter -->
<testsuite ignored="0" hostname="Baskar-PC" failures="0" tests="11" name="Default test" time="0.246" errors="0" timestamp="2025-10-22T23:08:22 IST">
  <testcase classname="Revision.Test4" name="tamil" time="0.023"/>
  <testcase classname="Revision.Test4" name="english" time="0.004"/>
  <testcase classname="Revision.Test4" name="maths" time="0.004"/>
  <testcase classname="Revision.Test4" name="science" time="0.004"/>
  <testcase classname="Revision.Test4" name="socialscience" time="0.003"/>
  <testcase classname="Revision.Test4" name="samsung" time="0.005"/>
  <testcase classname="Revision.Test4" name="vivo" time="0.002"/>
  <testcase classname="Revision.Test4" name="redmi" time="0.004"/>
  <testcase classname="Revision.Test4" name="audi" time="0.003"/>
  <testcase classname="Revision.Test4" name="kia" time="0.004"/>
  <testcase classname="Revision.Test4" name="jeep" time="0.003"/>
</testsuite> <!-- Default test -->
