<?xml version="1.0" encoding="UTF-8"?>
<testng-results ignored="0" total="11" passed="11" failed="0" skipped="0">
  <reporter-output>
  </reporter-output>
  <suite started-at="2025-10-22T23:08:21 IST" name="Default suite" finished-at="2025-10-22T23:08:22 IST" duration-ms="246">
    <groups>
      <group name="cars">
        <method signature="Test4.audi()[pri:20, instance:Revision.Test4@1165b38]" name="audi" class="Revision.Test4"/>
        <method signature="Test4.kia()[pri:21, instance:Revision.Test4@1165b38]" name="kia" class="Revision.Test4"/>
      </group> <!-- cars -->
      <group name="mobiles">
        <method signature="Test4.samsung()[pri:10, instance:Revision.Test4@1165b38]" name="samsung" class="Revision.Test4"/>
        <method signature="Test4.vivo()[pri:11, instance:Revision.Test4@1165b38]" name="vivo" class="Revision.Test4"/>
        <method signature="Test4.redmi()[pri:12, instance:Revision.Test4@1165b38]" name="redmi" class="Revision.Test4"/>
        <method signature="Test4.jeep()[pri:22, instance:Revision.Test4@1165b38]" name="jeep" class="Revision.Test4"/>
      </group> <!-- mobiles -->
      <group name="subjects">
        <method signature="Test4.tamil()[pri:0, instance:Revision.Test4@1165b38]" name="tamil" class="Revision.Test4"/>
        <method signature="Test4.english()[pri:1, instance:Revision.Test4@1165b38]" name="english" class="Revision.Test4"/>
        <method signature="Test4.maths()[pri:2, instance:Revision.Test4@1165b38]" name="maths" class="Revision.Test4"/>
        <method signature="Test4.science()[pri:3, instance:Revision.Test4@1165b38]" name="science" class="Revision.Test4"/>
        <method signature="Test4.socialscience()[pri:4, instance:Revision.Test4@1165b38]" name="socialscience" class="Revision.Test4"/>
      </group> <!-- subjects -->
    </groups>
    <test started-at="2025-10-22T23:08:21 IST" name="Default test" finished-at="2025-10-22T23:08:22 IST" duration-ms="246">
      <class name="Revision.Test4">
        <test-method signature="tamil()[pri:0, instance:Revision.Test4@1165b38]" started-at="2025-10-22T23:08:21 IST" name="tamil" finished-at="2025-10-22T23:08:22 IST" duration-ms="23" status="PASS">
          <reporter-output>
          </reporter-output>
        </test-method> <!-- tamil -->
        <test-method signature="english()[pri:1, instance:Revision.Test4@1165b38]" started-at="2025-10-22T23:08:22 IST" name="english" finished-at="2025-10-22T23:08:22 IST" duration-ms="4" status="PASS">
          <reporter-output>
          </reporter-output>
        </test-method> <!-- english -->
        <test-method signature="maths()[pri:2, instance:Revision.Test4@1165b38]" started-at="2025-10-22T23:08:22 IST" name="maths" finished-at="2025-10-22T23:08:22 IST" duration-ms="4" status="PASS">
          <reporter-output>
          </reporter-output>
        </test-method> <!-- maths -->
        <test-method signature="science()[pri:3, instance:Revision.Test4@1165b38]" started-at="2025-10-22T23:08:22 IST" name="science" finished-at="2025-10-22T23:08:22 IST" duration-ms="4" status="PASS">
          <reporter-output>
          </reporter-output>
        </test-method> <!-- science -->
        <test-method signature="socialscience()[pri:4, instance:Revision.Test4@1165b38]" started-at="2025-10-22T23:08:22 IST" name="socialscience" finished-at="2025-10-22T23:08:22 IST" duration-ms="3" status="PASS">
          <reporter-output>
          </reporter-output>
        </test-method> <!-- socialscience -->
        <test-method signature="samsung()[pri:10, instance:Revision.Test4@1165b38]" started-at="2025-10-22T23:08:22 IST" name="samsung" finished-at="2025-10-22T23:08:22 IST" duration-ms="5" status="PASS">
          <reporter-output>
          </reporter-output>
        </test-method> <!-- samsung -->
        <test-method signature="vivo()[pri:11, instance:Revision.Test4@1165b38]" started-at="2025-10-22T23:08:22 IST" name="vivo" finished-at="2025-10-22T23:08:22 IST" duration-ms="2" status="PASS">
          <reporter-output>
          </reporter-output>
        </test-method> <!-- vivo -->
        <test-method signature="redmi()[pri:12, instance:Revision.Test4@1165b38]" started-at="2025-10-22T23:08:22 IST" name="redmi" finished-at="2025-10-22T23:08:22 IST" duration-ms="4" status="PASS">
          <reporter-output>
          </reporter-output>
        </test-method> <!-- redmi -->
        <test-method signature="audi()[pri:20, instance:Revision.Test4@1165b38]" started-at="2025-10-22T23:08:22 IST" name="audi" finished-at="2025-10-22T23:08:22 IST" duration-ms="3" status="PASS">
          <reporter-output>
          </reporter-output>
        </test-method> <!-- audi -->
        <test-method signature="kia()[pri:21, instance:Revision.Test4@1165b38]" started-at="2025-10-22T23:08:22 IST" name="kia" finished-at="2025-10-22T23:08:22 IST" duration-ms="4" status="PASS">
          <reporter-output>
          </reporter-output>
        </test-method> <!-- kia -->
        <test-method signature="jeep()[pri:22, instance:Revision.Test4@1165b38]" started-at="2025-10-22T23:08:22 IST" name="jeep" finished-at="2025-10-22T23:08:22 IST" duration-ms="3" status="PASS">
          <reporter-output>
          </reporter-output>
        </test-method> <!-- jeep -->
      </class> <!-- Revision.Test4 -->
    </test> <!-- Default test -->
  </suite> <!-- Default suite -->
</testng-results>
